[17:33:40] [main/INFO]: [OptiFine] (Reflector) Field not found: World.tileEntitiesToBeRemoved
[17:33:41] [main/INFO]: [OptiFine] (Reflector) Class not present: net.minecraftforge.eventbus.api.Event$Result
[17:33:41] [main/INFO]: [OptiFine] (Reflector) Method not present: net.minecraftforge.common.extensions.IForgeBlockState.hasTileEntity
[17:33:41] [main/INFO]: [OptiFine] (Reflector) Class not present: net.minecraftforge.common.extensions.IForgeEntity
[17:33:41] [main/INFO]: [OptiFine] (Reflector) Class not present: net.minecraftforge.fml.CrashReportExtender
[17:33:42] [main/INFO]: [OptiFine] (Reflector) Method not present: net.minecraft.tags.ItemTags.createOptional
[17:33:54] [main/INFO]: [OptiFine] (Reflector) Class not present: net.minecraftforge.client.ForgeHooksClient
[17:33:54] [main/INFO]: Environment: authHost='https://authserver.mojang.com', accountsHost='https://api.mojang.com', sessionHost='https://sessionserver.mojang.com', servicesHost='https://api.minecraftservices.com', name='PROD'
[17:33:55] [main/INFO]: Setting user: Player245
[17:33:56] [main/INFO]: [OptiFine] (Reflector) Class not present: net.minecraftforge.client.settings.KeyConflictContext
[17:33:56] [main/INFO]: Backend library: LWJGL version 3.2.2 build 10
[17:33:56] [main/INFO]: [OptiFine] (Reflector) Method not present: net.minecraftforge.fml.loading.progress.EarlyProgressVisualization.handOffWindow
[17:33:58] [main/INFO]: [OptiFine] 
[17:33:58] [main/INFO]: [OptiFine] OptiFine_1.16.5_HD_U_G8
[17:33:58] [main/INFO]: [OptiFine] (Reflector) Class not present: optifine.OptiFineResourceLocator
[17:33:58] [main/INFO]: [OptiFine] Build: null
[17:33:58] [main/INFO]: [OptiFine] OS: Windows 10 (amd64) version 10.0
[17:33:58] [main/INFO]: [OptiFine] Java: 17.0.11, Eclipse Adoptium
[17:33:58] [main/INFO]: [OptiFine] VM: OpenJDK 64-Bit Server VM (mixed mode), Eclipse Adoptium
[17:33:58] [main/INFO]: [OptiFine] LWJGL: 3.3.0 Win32 WGL EGL OSMesa VisualC DLL
[17:33:58] [main/INFO]: [OptiFine] OpenGL: GeForce GTS 450/PCIe/SSE2, version 4.6.0 NVIDIA 388.13, NVIDIA Corporation
[17:33:58] [main/INFO]: [OptiFine] OpenGL Version: 4.6.0
[17:33:58] [main/INFO]: [OptiFine] Maximum texture size: 16384x16384
[17:33:58] [VersionCheck/INFO]: [OptiFine] Checking for new version
[17:33:58] [main/INFO]: [Shaders] OpenGL Version: 4.6.0 NVIDIA 388.13
[17:33:58] [main/INFO]: [Shaders] Vendor:  NVIDIA Corporation
[17:33:58] [main/INFO]: [Shaders] Renderer: GeForce GTS 450/PCIe/SSE2
[17:33:58] [main/INFO]: [Shaders] Capabilities:  2.0  2.1  3.0  3.2  4.0 
[17:33:58] [main/INFO]: [Shaders] GL_MAX_DRAW_BUFFERS: 8
[17:33:58] [main/INFO]: [Shaders] GL_MAX_COLOR_ATTACHMENTS_EXT: 8
[17:33:58] [main/INFO]: [Shaders] GL_MAX_TEXTURE_IMAGE_UNITS: 32
[17:33:58] [main/INFO]: [Shaders] Load shaders configuration.
[17:33:58] [main/INFO]: [Shaders] Save shaders configuration.
[17:33:58] [main/INFO]: [Shaders] No shaderpack loaded.
[17:33:58] [main/INFO]: [OptiFine] (Reflector) Class not present: net.minecraftforge.fml.common.Loader
[17:33:59] [VersionCheck/INFO]: [OptiFine] Version found: G7
[17:33:59] [main/WARN]: [OptiFine] java.lang.ClassNotFoundException: sun.misc.SharedSecrets
[17:33:59] [main/WARN]: [OptiFine] java.lang.ClassNotFoundException: jdk.internal.misc.SharedSecrets
[17:33:59] [main/WARN]: [OptiFine] java.lang.ClassNotFoundException: sun.misc.VM
[17:33:59] [main/WARN]: [OptiFine] java.lang.reflect.InaccessibleObjectException: Unable to make public static long jdk.internal.misc.VM.maxDirectMemory() accessible: module java.base does not "exports jdk.internal.misc" to unnamed module @69453e37
[17:33:59] [main/INFO]: [OptiFine] (Reflector) Class not present: net.minecraftforge.client.ItemModelMesherForge
[17:34:00] [main/INFO]: [OptiFine] (Reflector) Class not present: net.minecraftforge.client.model.pipeline.ForgeBlockModelRenderer
[17:34:00] [main/INFO]: Narrator library for x64 successfully loaded
[17:34:01] [main/INFO]: [OptiFine] (Reflector) Class not present: net.minecraftforge.fml.client.gui.screen.ModListScreen
[17:34:01] [main/INFO]: [OptiFine] (Reflector) Class not present: net.minecraftforge.client.gui.NotificationModUpdateScreen
[17:34:01] [main/INFO]: Reloading ResourceManager: Default
[17:34:01] [main/INFO]: [OptiFine] *** Reloading textures ***
[17:34:01] [main/INFO]: [OptiFine] Resource packs: Default
[17:34:01] [main/INFO]: [OptiFine] (Reflector) Method not present: net.minecraft.client.renderer.RenderTypeLookup.canRenderInLayer
[17:34:01] [main/INFO]: [OptiFine] *** Reflector Forge ***
[17:34:01] [main/INFO]: [OptiFine] (Reflector) Class not present: mods.betterfoliage.client.BetterFoliageClient
[17:34:01] [main/INFO]: [OptiFine] (Reflector) Class not present: net.minecraftforge.fml.BrandingControl
[17:34:01] [main/INFO]: [OptiFine] (Reflector) Class not present: net.minecraftforge.common.capabilities.ICapabilityProvider
[17:34:01] [main/INFO]: [OptiFine] (Reflector) Class not present: net.minecraftforge.common.capabilities.CapabilityProvider
[17:34:01] [main/INFO]: [OptiFine] (Reflector) Class not present: net.minecraftforge.fml.client.ClientModLoader
[17:34:01] [main/INFO]: [OptiFine] (Reflector) Class not present: net.minecraftforge.event.world.ChunkDataEvent$Save
[17:34:01] [main/INFO]: [OptiFine] (Reflector) Class not present: net.minecraftforge.event.world.ChunkEvent$Load
[17:34:01] [main/INFO]: [OptiFine] (Reflector) Class not present: net.minecraftforge.event.world.ChunkEvent$Unload
[17:34:01] [main/INFO]: [OptiFine] (Reflector) Class not present: net.minecraftforge.fml.client.ClientHooks
[17:34:01] [main/INFO]: [OptiFine] (Reflector) Class not present: net.minecraftforge.client.event.GuiScreenEvent$DrawScreenEvent$Pre
[17:34:01] [main/INFO]: [OptiFine] (Reflector) Class not present: net.minecraftforge.client.event.GuiScreenEvent$DrawScreenEvent$Post
[17:34:01] [main/INFO]: [OptiFine] (Reflector) Class not present: net.minecraftforge.event.entity.EntityLeaveWorldEvent
[17:34:01] [main/INFO]: [OptiFine] (Reflector) Class not present: net.minecraftforge.client.event.EntityViewRenderEvent$CameraSetup
[17:34:01] [main/INFO]: [OptiFine] (Reflector) Class not present: net.minecraftforge.client.event.EntityViewRenderEvent$FogColors
[17:34:01] [main/INFO]: [OptiFine] (Reflector) Class not present: net.minecraftforge.client.event.EntityViewRenderEvent$RenderFogEvent
[17:34:01] [main/INFO]: [OptiFine] (Reflector) Class not present: net.minecraftforge.event.entity.EntityJoinWorldEvent
[17:34:01] [main/INFO]: [OptiFine] (Reflector) Method not present: net.minecraftforge.eventbus.api.Event.isCanceled
[17:34:01] [main/INFO]: [OptiFine] (Reflector) Method not present: net.minecraftforge.eventbus.api.Event.getResult
[17:34:01] [main/INFO]: [OptiFine] (Reflector) Class not present: net.minecraftforge.eventbus.api.IEventBus
[17:34:01] [main/INFO]: [OptiFine] (Reflector) Class not present: net.minecraftforge.common.extensions.IForgeBlock
[17:34:01] [main/INFO]: [OptiFine] (Reflector) Method not present: net.minecraft.client.renderer.BlockModelShapes.getTexture
[17:34:01] [main/INFO]: [OptiFine] (Reflector) Method not present: net.minecraftforge.common.extensions.IForgeBlockState.addDestroyEffects
[17:34:01] [main/INFO]: [OptiFine] (Reflector) Method not present: net.minecraftforge.common.extensions.IForgeBlockState.addHitEffects
[17:34:01] [main/INFO]: [OptiFine] (Reflector) Method not present: net.minecraftforge.common.extensions.IForgeBlockState.getLightValue
[17:34:01] [main/INFO]: [OptiFine] (Reflector) Method not present: net.minecraftforge.common.extensions.IForgeBlockState.getSoundType
[17:34:01] [main/INFO]: [OptiFine] (Reflector) Method not present: net.minecraftforge.common.extensions.IForgeBlockState.getStateAtViewpoint
[17:34:01] [main/INFO]: [OptiFine] (Reflector) Method not present: net.minecraftforge.common.extensions.IForgeBlockState.isAir
[17:34:01] [main/INFO]: [OptiFine] (Reflector) Method not present: net.minecraftforge.common.extensions.IForgeBlockState.shouldDisplayFluidOverlay
[17:34:01] [Realms Notification Availability checker #1/INFO]: Could not authorize you against Realms server: Invalid session id
[17:34:05] [Worker-Main-5/INFO]: [OptiFine] Multitexture: false
[17:34:01] [Worker-Main-4/INFO]: [OptiFine] (Reflector) Class not present: net.minecraftforge.client.model.ModelLoaderRegistry
[17:34:02] [Worker-Main-6/INFO]: [OptiFine] Multitexture: false
[17:34:07] [main/INFO]: [OptiFine] (Reflector) Class not present: net.minecraftforge.common.extensions.IForgeFluid
[17:34:07] [main/INFO]: [OptiFine] (Reflector) Class not present: net.minecraftforge.fluids.FluidAttributes
[17:34:07] [main/INFO]: [OptiFine] (Reflector) Method not present: net.minecraft.entity.EntityType.getTags
[17:34:07] [main/INFO]: [OptiFine] (Reflector) Class not present: net.minecraftforge.event.ForgeEventFactory
[17:34:07] [main/INFO]: [OptiFine] (Reflector) Method not present: net.minecraft.fluid.Fluid.getTags
[17:34:07] [main/INFO]: [OptiFine] (Reflector) Class not present: net.minecraftforge.common.ForgeHooks
[17:34:07] [main/INFO]: [OptiFine] (Reflector) Class not present: net.minecraftforge.common.ForgeConfig
[17:34:07] [main/INFO]: [OptiFine] (Reflector) Class not present: net.minecraftforge.common.ForgeConfig$Client
[17:34:07] [main/INFO]: [OptiFine] (Reflector) Class not present: net.minecraftforge.common.ForgeConfigSpec
[17:34:07] [main/INFO]: [OptiFine] (Reflector) Class not present: net.minecraftforge.common.ForgeConfigSpec$ConfigValue
[17:34:07] [main/INFO]: [OptiFine] (Reflector) Method not present: net.minecraft.world.chunk.IChunk.getWorldForge
[17:34:07] [main/INFO]: [OptiFine] (Reflector) Class not present: net.minecraftforge.common.extensions.IForgeItem
[17:34:07] [main/INFO]: [OptiFine] (Reflector) Class not present: net.minecraftforge.common.extensions.IForgeItemStack
[17:34:07] [main/INFO]: [OptiFine] (Reflector) Class not present: net.minecraftforge.fml.ForgeI18n
[17:34:07] [main/INFO]: [OptiFine] (Reflector) Method not present: net.minecraft.client.settings.KeyBinding.setKeyConflictContext
[17:34:07] [main/INFO]: [OptiFine] (Reflector) Method not present: net.minecraft.client.settings.KeyBinding.setKeyModifierAndCode
[17:34:07] [main/INFO]: [OptiFine] (Reflector) Method not present: net.minecraft.client.settings.KeyBinding.getKeyModifier
[17:34:07] [main/INFO]: [OptiFine] (Reflector) Class not present: net.minecraftforge.common.extensions.IForgeEffectInstance
[17:34:07] [main/INFO]: [OptiFine] (Reflector) Class not present: net.minecraftforge.registries.ForgeRegistryEntry
[17:34:07] [main/INFO]: [OptiFine] (Reflector) Method not present: net.minecraft.client.renderer.RenderTypeLookup.canRenderInLayer
[17:34:07] [main/INFO]: [OptiFine] (Reflector) Constructor not present: net.minecraft.world.server.Ticket, params: class net.minecraft.world.server.TicketType, int, class java.lang.Object, boolean
[17:34:07] [main/INFO]: [OptiFine] (Reflector) Method not present: net.minecraft.world.server.Ticket.isForceTicks
[17:34:07] [main/INFO]: [OptiFine] (Reflector) Class not present: net.minecraftforge.common.extensions.IForgeTileEntity
[17:34:07] [main/INFO]: [OptiFine] (Reflector) Method not present: net.minecraft.client.world.DimensionRenderInfo.getCloudRenderHandler
[17:34:07] [main/INFO]: [OptiFine] (Reflector) Method not present: net.minecraft.client.world.DimensionRenderInfo.getSkyRenderHandler
[17:34:07] [main/INFO]: [OptiFine] (Reflector) Method not present: net.minecraft.client.world.DimensionRenderInfo.getWeatherParticleRenderHandler
[17:34:07] [main/INFO]: [OptiFine] (Reflector) Method not present: net.minecraft.client.world.DimensionRenderInfo.getWeatherRenderHandler
[17:34:07] [main/INFO]: [OptiFine] (Reflector) Class not present: net.minecraftforge.client.IRenderHandler
[17:34:07] [main/INFO]: [OptiFine] (Reflector) Class not present: net.minecraftforge.client.settings.KeyModifier
[17:34:07] [main/INFO]: [OptiFine] (Reflector) Class not present: net.minecraftforge.client.model.pipeline.LightUtil
[17:34:07] [main/INFO]: [OptiFine] (Reflector) Class not present: net.minecraftforge.common.MinecraftForge
[17:34:13] [main/INFO]: [OptiFine] (Reflector) Class not present: net.minecraftforge.client.MinecraftForgeClient
[17:34:13] [main/INFO]: [OptiFine] (Reflector) Class not present: net.minecraftforge.fml.common.ModContainer
[17:34:13] [main/INFO]: [OptiFine] (Reflector) Class not present: net.minecraftforge.entity.PartEntity
[17:34:13] [main/INFO]: [OptiFine] (Reflector) Class not present: net.minecraftforge.event.entity.PlaySoundAtEntityEvent
[17:34:13] [main/INFO]: [OptiFine] (Reflector) Class not present: net.minecraftforge.client.event.RenderBlockOverlayEvent$OverlayType
[17:34:13] [main/INFO]: [OptiFine] (Reflector) Class not present: net.minecraftforge.fml.client.registry.RenderingRegistry
[17:34:13] [main/INFO]: [OptiFine] (Reflector) Class not present: net.minecraftforge.client.event.RenderGameOverlayEvent$BossInfo
[17:34:13] [main/INFO]: [OptiFine] (Reflector) Class not present: net.minecraftforge.client.event.RenderItemInFrameEvent
[17:34:13] [main/INFO]: [OptiFine] (Reflector) Class not present: net.minecraftforge.client.event.RenderLivingEvent$Pre
[17:34:13] [main/INFO]: [OptiFine] (Reflector) Class not present: net.minecraftforge.client.event.RenderLivingEvent$Post
[17:34:13] [main/INFO]: [OptiFine] (Reflector) Class not present: net.minecraftforge.client.event.RenderNameplateEvent
[17:34:13] [main/INFO]: [OptiFine] (Reflector) Class not present: net.minecraftforge.client.event.ScreenshotEvent
[17:34:13] [main/INFO]: [OptiFine] (Reflector) Class not present: net.minecraftforge.fml.server.ServerLifecycleHooks
[17:34:13] [main/INFO]: [OptiFine] (Reflector) Class not present: net.minecraftforge.event.world.WorldEvent$Load
[17:34:13] [main/INFO]: [OptiFine] *** Reflector Vanilla ***
[17:34:17] [Worker-Main-4/INFO]: [OptiFine] Multitexture: false
[17:34:17] [Worker-Main-4/INFO]: [OptiFine] ConnectedTextures: optifine/ctm/default/00_glass_white/glass_pane_white.properties
[17:34:17] [Worker-Main-4/INFO]: [OptiFine] ConnectedTextures: optifine/ctm/default/00_glass_white/glass_white.properties
[17:34:17] [Worker-Main-4/INFO]: [OptiFine] ConnectedTextures: optifine/ctm/default/01_glass_orange/glass_orange.properties
[17:34:17] [Worker-Main-4/INFO]: [OptiFine] ConnectedTextures: optifine/ctm/default/01_glass_orange/glass_pane_orange.properties
[17:34:17] [Worker-Main-4/INFO]: [OptiFine] ConnectedTextures: optifine/ctm/default/02_glass_magenta/glass_magenta.properties
[17:34:17] [Worker-Main-4/INFO]: [OptiFine] ConnectedTextures: optifine/ctm/default/02_glass_magenta/glass_pane_magenta.properties
[17:34:17] [Worker-Main-4/INFO]: [OptiFine] ConnectedTextures: optifine/ctm/default/03_glass_light_blue/glass_light_blue.properties
[17:34:17] [Worker-Main-4/INFO]: [OptiFine] ConnectedTextures: optifine/ctm/default/03_glass_light_blue/glass_pane_light_blue.properties
[17:34:17] [Worker-Main-4/INFO]: [OptiFine] ConnectedTextures: optifine/ctm/default/04_glass_yellow/glass_pane_yellow.properties
[17:34:17] [Worker-Main-4/INFO]: [OptiFine] ConnectedTextures: optifine/ctm/default/04_glass_yellow/glass_yellow.properties
[17:34:17] [Worker-Main-4/INFO]: [OptiFine] ConnectedTextures: optifine/ctm/default/05_glass_lime/glass_lime.properties
[17:34:17] [Worker-Main-4/INFO]: [OptiFine] ConnectedTextures: optifine/ctm/default/05_glass_lime/glass_pane_lime.properties
[17:34:17] [Worker-Main-4/INFO]: [OptiFine] ConnectedTextures: optifine/ctm/default/06_glass_pink/glass_pane_pink.properties
[17:34:17] [Worker-Main-4/INFO]: [OptiFine] ConnectedTextures: optifine/ctm/default/06_glass_pink/glass_pink.properties
[17:34:17] [Worker-Main-4/INFO]: [OptiFine] ConnectedTextures: optifine/ctm/default/07_glass_gray/glass_gray.properties
[17:34:17] [Worker-Main-4/INFO]: [OptiFine] ConnectedTextures: optifine/ctm/default/07_glass_gray/glass_pane_gray.properties
[17:34:18] [Worker-Main-4/INFO]: [OptiFine] ConnectedTextures: optifine/ctm/default/08_glass_light_gray/glass_light_gray.properties
[17:34:18] [Worker-Main-4/INFO]: [OptiFine] ConnectedTextures: optifine/ctm/default/08_glass_light_gray/glass_pane_light_gray.properties
[17:34:18] [Worker-Main-4/INFO]: [OptiFine] ConnectedTextures: optifine/ctm/default/09_glass_cyan/glass_cyan.properties
[17:34:18] [Worker-Main-4/INFO]: [OptiFine] ConnectedTextures: optifine/ctm/default/09_glass_cyan/glass_pane_cyan.properties
[17:34:18] [Worker-Main-4/INFO]: [OptiFine] ConnectedTextures: optifine/ctm/default/10_glass_purple/glass_pane_purple.properties
[17:34:18] [Worker-Main-4/INFO]: [OptiFine] ConnectedTextures: optifine/ctm/default/10_glass_purple/glass_purple.properties
[17:34:18] [Worker-Main-4/INFO]: [OptiFine] ConnectedTextures: optifine/ctm/default/11_glass_blue/glass_blue.properties
[17:34:18] [Worker-Main-4/INFO]: [OptiFine] ConnectedTextures: optifine/ctm/default/11_glass_blue/glass_pane_blue.properties
[17:34:18] [Worker-Main-4/INFO]: [OptiFine] ConnectedTextures: optifine/ctm/default/12_glass_brown/glass_brown.properties
[17:34:18] [Worker-Main-4/INFO]: [OptiFine] ConnectedTextures: optifine/ctm/default/12_glass_brown/glass_pane_brown.properties
[17:34:18] [Worker-Main-4/INFO]: [OptiFine] ConnectedTextures: optifine/ctm/default/13_glass_green/glass_green.properties
[17:34:18] [Worker-Main-4/INFO]: [OptiFine] ConnectedTextures: optifine/ctm/default/13_glass_green/glass_pane_green.properties
[17:34:18] [Worker-Main-4/INFO]: [OptiFine] ConnectedTextures: optifine/ctm/default/14_glass_red/glass_pane_red.properties
[17:34:18] [Worker-Main-4/INFO]: [OptiFine] ConnectedTextures: optifine/ctm/default/14_glass_red/glass_red.properties
[17:34:18] [Worker-Main-4/INFO]: [OptiFine] ConnectedTextures: optifine/ctm/default/15_glass_black/glass_black.properties
[17:34:18] [Worker-Main-4/INFO]: [OptiFine] ConnectedTextures: optifine/ctm/default/15_glass_black/glass_pane_black.properties
[17:34:18] [Worker-Main-4/INFO]: [OptiFine] ConnectedTextures: optifine/ctm/default/20_glass/glass.properties
[17:34:18] [Worker-Main-4/INFO]: [OptiFine] ConnectedTextures: optifine/ctm/default/20_glass/glass_pane.properties
[17:34:18] [Worker-Main-4/INFO]: [OptiFine] ConnectedTextures: optifine/ctm/default/30_bookshelf/bookshelf.properties
[17:34:18] [Worker-Main-4/INFO]: [OptiFine] ConnectedTextures: optifine/ctm/default/40_sandstone/sandstone.properties
[17:34:18] [Worker-Main-4/INFO]: [OptiFine] ConnectedTextures: optifine/ctm/default/41_red_sandstone/red_sandstone.properties
[17:34:18] [Worker-Main-4/INFO]: [OptiFine] Multipass connected textures: false
[17:34:18] [Worker-Main-4/INFO]: [OptiFine] BetterGrass: Parsing default configuration optifine/bettergrass.properties
[17:34:26] [Worker-Main-4/INFO]: [OptiFine] Mipmap levels: 4
[17:34:27] [Worker-Main-7/INFO]: [OptiFine] Multitexture: false
[17:34:30] [Worker-Main-4/INFO]: [OptiFine] Multitexture: false
[17:34:31] [Worker-Main-4/INFO]: [OptiFine] Sprite size: 64
[17:34:31] [Worker-Main-4/INFO]: [OptiFine] Mipmap levels: 6
[17:34:31] [Worker-Main-4/INFO]: [OptiFine] Multitexture: false
[17:34:31] [Worker-Main-4/INFO]: [OptiFine] Sprite size: 64
[17:34:31] [Worker-Main-4/INFO]: [OptiFine] Mipmap levels: 6
[17:34:31] [Worker-Main-4/INFO]: [OptiFine] Multitexture: false
[17:34:32] [Worker-Main-4/INFO]: [OptiFine] Sprite size: 64
[17:34:32] [Worker-Main-4/INFO]: [OptiFine] Mipmap levels: 6
[17:34:32] [Worker-Main-4/INFO]: [OptiFine] Multitexture: false
[17:34:32] [Worker-Main-4/INFO]: [OptiFine] Sprite size: 64
[17:34:32] [Worker-Main-4/INFO]: [OptiFine] Mipmap levels: 6
[17:34:32] [Worker-Main-4/INFO]: [OptiFine] Multitexture: false
[17:34:32] [Worker-Main-4/INFO]: [OptiFine] Sprite size: 64
[17:34:32] [Worker-Main-4/INFO]: [OptiFine] Mipmap levels: 6
[17:34:32] [Worker-Main-4/INFO]: [OptiFine] Multitexture: false
[17:34:32] [Worker-Main-4/INFO]: [OptiFine] Sprite size: 64
[17:34:32] [Worker-Main-4/INFO]: [OptiFine] Mipmap levels: 6
[17:34:33] [main/INFO]: OpenAL initialized.
[17:34:33] [main/INFO]: Sound engine started
[17:34:33] [main/INFO]: Created: 1024x512x4 minecraft:textures/atlas/blocks.png-atlas
[17:34:33] [main/INFO]: [OptiFine] Animated sprites: 43
[17:34:33] [main/INFO]: Created: 256x128x4 minecraft:textures/atlas/signs.png-atlas
[17:34:33] [main/INFO]: [OptiFine] Animated sprites: 0
[17:34:33] [main/INFO]: Created: 512x512x4 minecraft:textures/atlas/banner_patterns.png-atlas
[17:34:33] [main/INFO]: [OptiFine] Animated sprites: 0
[17:34:33] [main/INFO]: Created: 512x512x4 minecraft:textures/atlas/shield_patterns.png-atlas
[17:34:33] [main/INFO]: [OptiFine] Animated sprites: 0
[17:34:33] [main/INFO]: Created: 256x256x4 minecraft:textures/atlas/chest.png-atlas
[17:34:33] [main/INFO]: [OptiFine] Animated sprites: 0
[17:34:33] [main/INFO]: Created: 512x256x4 minecraft:textures/atlas/beds.png-atlas
[17:34:33] [main/INFO]: [OptiFine] Animated sprites: 0
[17:34:33] [main/INFO]: Created: 512x256x4 minecraft:textures/atlas/shulker_boxes.png-atlas
[17:34:33] [main/INFO]: [OptiFine] Animated sprites: 0
[17:34:35] [main/INFO]: Created: 256x256x0 minecraft:textures/atlas/particles.png-atlas
[17:34:35] [main/INFO]: [OptiFine] Animated sprites: 0
[17:34:35] [main/INFO]: Created: 256x256x0 minecraft:textures/atlas/paintings.png-atlas
[17:34:35] [main/INFO]: [OptiFine] Animated sprites: 0
[17:34:35] [main/INFO]: Created: 128x128x0 minecraft:textures/atlas/mob_effects.png-atlas
[17:34:35] [main/INFO]: [OptiFine] Animated sprites: 0
[17:34:35] [main/INFO]: [OptiFine] *** Reloading custom textures ***
[17:34:42] [main/INFO]: [OptiFine] Disable Forge light pipeline
[17:35:08] [main/INFO]: Stopping!
